â–ˆPlease press confirm on your phone.
Loading the contact, this may take a little while.
[3;J[H[2JLogin successfully as ç€¡â™¥æ‰€æ¬² â™‚
æœºå™¨äººç™»å½•æˆåŠŸï¼ï¼ï¼
æœªè®¾ç½®æœºå™¨äººç®¡ç†å‘˜ï¼Œä¿¡æ¯å°†å‘é€è‡³æ–‡ä»¶åŠ©æ‰‹ï¼Œä¸èƒ½ä½¿ç”¨è¿œç¨‹å‘½ä»¤æ§åˆ¶æœºå™¨äººï¼


LOG OUT!
â–ˆPlease press confirm on your phone.
Loading the contact, this may take a little while.
[3;J[H[2JLogin successfully as ç€¡â™¥æ‰€æ¬² â™‚
æœºå™¨äººç™»å½•æˆåŠŸï¼ï¼ï¼
æœªè®¾ç½®æœºå™¨äººç®¡ç†å‘˜ï¼Œä¿¡æ¯å°†å‘é€è‡³æ–‡ä»¶åŠ©æ‰‹ï¼Œä¸èƒ½ä½¿ç”¨è¿œç¨‹å‘½ä»¤æ§åˆ¶æœºå™¨äººï¼


LOG OUT!
â–ˆPlease press confirm on your phone.
Loading the contact, this may take a little while.
[3;J[H[2JLogin successfully as ç€¡â™¥æ‰€æ¬² â™‚
æœºå™¨äººç™»å½•æˆåŠŸï¼ï¼ï¼
æœªè®¾ç½®æœºå™¨äººç®¡ç†å‘˜ï¼Œä¿¡æ¯å°†å‘é€è‡³æ–‡ä»¶åŠ©æ‰‹ï¼Œä¸èƒ½ä½¿ç”¨è¿œç¨‹å‘½ä»¤æ§åˆ¶æœºå™¨äººï¼


LOG OUT!
â–ˆPlease press confirm on your phone.
Loading the contact, this may take a little while.
[3;J[H[2JLogin successfully as ç€¡â™¥æ‰€æ¬² â™‚
æœºå™¨äººç™»å½•æˆåŠŸï¼ï¼ï¼
æœªè®¾ç½®æœºå™¨äººç®¡ç†å‘˜ï¼Œä¿¡æ¯å°†å‘é€è‡³æ–‡ä»¶åŠ©æ‰‹ï¼Œä¸èƒ½ä½¿ç”¨è¿œç¨‹å‘½ä»¤æ§åˆ¶æœºå™¨äººï¼


LOG OUT!
â–ˆPlease press confirm on your phone.
Loading the contact, this may take a little while.
[3;J[H[2JLogin successfully as ç€¡â™¥æ‰€æ¬² â™‚
æœºå™¨äººç™»å½•æˆåŠŸï¼ï¼ï¼
æœªè®¾ç½®æœºå™¨äººç®¡ç†å‘˜ï¼Œä¿¡æ¯å°†å‘é€è‡³æ–‡ä»¶åŠ©æ‰‹ï¼Œä¸èƒ½ä½¿ç”¨è¿œç¨‹å‘½ä»¤æ§åˆ¶æœºå™¨äººï¼


LOG OUT!
â–ˆPlease press confirm on your phone.
Loading the contact, this may take a little while.
[3;J[H[2JLogin successfully as ç€¡â™¥æ‰€æ¬² â™‚
æœºå™¨äººç™»å½•æˆåŠŸï¼ï¼ï¼
æœªè®¾ç½®æœºå™¨äººç®¡ç†å‘˜ï¼Œä¿¡æ¯å°†å‘é€è‡³æ–‡ä»¶åŠ©æ‰‹ï¼Œä¸èƒ½ä½¿ç”¨è¿œç¨‹å‘½ä»¤æ§åˆ¶æœºå™¨äººï¼


LOG OUT!
â–ˆPlease press confirm on your phone.
Loading the contact, this may take a little while.
[3;J[H[2JLogin successfully as ç€¡â™¥æ‰€æ¬² â™‚
æœºå™¨äººç™»å½•æˆåŠŸï¼ï¼ï¼
æœªè®¾ç½®æœºå™¨äººç®¡ç†å‘˜ï¼Œä¿¡æ¯å°†å‘é€è‡³æ–‡ä»¶åŠ©æ‰‹ï¼Œä¸èƒ½ä½¿ç”¨è¿œç¨‹å‘½ä»¤æ§åˆ¶æœºå™¨äººï¼


LOG OUT!
